SET spq.propagate_set_commands = 'local';
-- vector
CREATE TABLE t0 (val vector(3));
SELECT create_distributed_table('t0', 'val');
ERROR:  data type vector has no default operator class for specified partition method
DETAIL:  Partition column types must have a default operator class defined.
CONTEXT:  referenced column: create_distributed_table
DROP TABLE t0;
CREATE TABLE t0 (id int, val vector(3));
SELECT create_distributed_table('t0', 'id');
 create_distributed_table
---------------------------------------------------------------------

(1 row)

INSERT INTO t0 (id, val) VALUES (1, '[0,0,0]'), (2, '[1,2,3]'), (3, '[1,1,1]'), (4, NULL);
CREATE INDEX ON t0 (val);
BEGIN;
SET local enable_seqscan = off;
EXPLAIN SELECT * FROM t0 WHERE val = '[1,2,3]';
                                            QUERY PLAN
---------------------------------------------------------------------
 Spq extensible Adaptive  (cost=0.00..0.00 rows=100000 width=36)
   Task Count: 4
   Tasks Shown: One of 4
   ->  Task
         Node: host=localhost port=xxxxx dbname=regression
         ->  Index Scan using t_val_idx_xxxx on t_xxxx t0  (cost=0.00..8.27 rows=1 width=36)
               Index Cond: (val = '[1,2,3]'::vector)
(7 rows)

EXPLAIN SELECT * FROM t0 ORDER BY val;
                                             QUERY PLAN
---------------------------------------------------------------------
 Sort  (cost=8304.82..8554.82 rows=100000 width=36)
   Sort Key: remote_scan.val
   ->  Spq extensible Adaptive  (cost=0.00..0.00 rows=100000 width=36)
         Task Count: 4
         Tasks Shown: One of 4
         ->  Task
               Node: host=localhost port=xxxxx dbname=regression
               ->  Seq Scan on t_xxxx t0  (cost=10000000000.00..1000000000101.00 rows=1 width=36)
(8 rows)

SELECT * FROM t0 WHERE val = '[1,2,3]';
 id |   val
---------------------------------------------------------------------
  2 | [1,2,3]
(1 row)

SELECT * FROM t0 ORDER BY val;
 id |   val
---------------------------------------------------------------------
  1 | [0,0,0]
  3 | [1,1,1]
  2 | [1,2,3]
  4 |
(4 rows)

COMMIT;
DROP TABLE t0;
-- sparsevec
CREATE TABLE t0 (val sparsevec(3));
SELECT create_distributed_table('t0', 'val');
ERROR:  data type sparsevec has no default operator class for specified partition method
DETAIL:  Partition column types must have a default operator class defined.
CONTEXT:  referenced column: create_distributed_table
DROP TABLE t0;
CREATE TABLE t0 (id int, val sparsevec(3));
SELECT create_distributed_table('t0', 'id');
 create_distributed_table
---------------------------------------------------------------------

(1 row)

INSERT INTO t0 (id, val) VALUES (1, '{}/3'), (2, '{1:1,2:2,3:3}/3'), (3, '{1:1,2:1,3:1}/3'), (4, NULL);
CREATE INDEX ON t0 (val);
BEGIN;
SET local enable_seqscan = off;
EXPLAIN SELECT * FROM t0 WHERE val = '{1:1,2:2,3:3}/3';
                                            QUERY PLAN
---------------------------------------------------------------------
 Spq extensible Adaptive  (cost=0.00..0.00 rows=100000 width=36)
   Task Count: 4
   Tasks Shown: One of 4
   ->  Task
         Node: host=localhost port=xxxxx dbname=regression
         ->  Index Scan using t_val_idx_xxxx on t_xxxx t0  (cost=0.00..8.27 rows=1 width=36)
               Index Cond: (val = '{1:1,2:2,3:3}/3'::sparsevec)
(7 rows)

EXPLAIN SELECT * FROM t0 ORDER BY val;
                                             QUERY PLAN
---------------------------------------------------------------------
 Sort  (cost=8304.82..8554.82 rows=100000 width=36)
   Sort Key: remote_scan.val
   ->  Spq extensible Adaptive  (cost=0.00..0.00 rows=100000 width=36)
         Task Count: 4
         Tasks Shown: One of 4
         ->  Task
               Node: host=localhost port=xxxxx dbname=regression
               ->  Seq Scan on t_xxxx t0  (cost=10000000000.00..1000000000101.00 rows=1 width=36)
(8 rows)

SELECT * FROM t0 WHERE val = '{1:1,2:2,3:3}/3';
 id |       val
---------------------------------------------------------------------
  2 | {1:1,2:2,3:3}/3
(1 row)

SELECT * FROM t0 ORDER BY val;
 id |       val
---------------------------------------------------------------------
  1 | {}/3
  3 | {1:1,2:1,3:1}/3
  2 | {1:1,2:2,3:3}/3
  4 |
(4 rows)

COMMIT;
SET spq.propagate_set_commands = DEFAULT;
DROP TABLE t0;
